<?xml version="1.0" encoding="UTF-8"?>
<!-- Generated by org.testng.reporters.JUnitReportReporter -->
<testsuite skipped="0" hostname="DESKTOP-PG7JRJ0" name="com.simplilearn.FacebookTest" tests="4" failures="0" timestamp="2022-03-26T11:45:56 IST" time="91.635" errors="0">
  <testcase name="launchAma" time="25.286" classname="com.simplilearn.FacebookTest"/>
  <system-out/>
  <testcase name="testTitle" time="0.011" classname="com.simplilearn.FacebookTest"/>
  <system-out/>
  <testcase name="login" time="30.433" classname="com.simplilearn.FacebookTest"/>
  <system-out/>
  <testcase name="addToCart" time="35.905" classname="com.simplilearn.FacebookTest"/>
  <system-out/>
</testsuite> <!-- com.simplilearn.FacebookTest -->
