<?xml version="1.0" encoding="UTF-8"?>
<!-- Generated by org.testng.reporters.JUnitReportReporter -->
<testsuite hostname="DESKTOP-PG7JRJ0" failures="0" tests="4" name="com.simplilearn.FacebookTest" time="103.096" errors="0" timestamp="2022-03-26T11:17:39 IST" skipped="0">
  <testcase classname="com.simplilearn.FacebookTest" name="launchAma" time="23.283"/>
  <system-out/>
  <testcase classname="com.simplilearn.FacebookTest" name="testTitle" time="0.010"/>
  <system-out/>
  <testcase classname="com.simplilearn.FacebookTest" name="login" time="35.826"/>
  <system-out/>
  <testcase classname="com.simplilearn.FacebookTest" name="addToCart" time="43.977"/>
  <system-out/>
</testsuite> <!-- com.simplilearn.FacebookTest -->
